-------------------------------------------------------------------------------
Test set: StudentTest
-------------------------------------------------------------------------------
Tests run: 1, Failures: 0, Errors: 1, Skipped: 0, Time elapsed: 0.002 s <<< FAILURE! -- in StudentTest
StudentTest -- Time elapsed: 0.002 s <<< ERROR!
java.lang.NoClassDefFoundError: Student
	at java.base/java.lang.Class.getDeclaredFields0(Native Method)
	at java.base/java.lang.Class.privateGetDeclaredFields(Class.java:2918)
	at java.base/java.lang.Class.getDeclaredFields(Class.java:2248)
	at java.base/java.util.ArrayList.forEach(ArrayList.java:1612)
Caused by: java.lang.ClassNotFoundException: Student
	at java.base/jdk.internal.loader.BuiltinClassLoader.loadClass(BuiltinClassLoader.java:580)
	at java.base/java.lang.ClassLoader.loadClass(ClassLoader.java:502)
	... 4 more

