<?xml version="1.0" encoding="UTF-8"?>
<testsuite xmlns:xsi="http://www.w3.org/2001/XMLSchema-instance" xsi:noNamespaceSchemaLocation="https://maven.apache.org/surefire/maven-surefire-plugin/xsd/surefire-test-report-3.0.xsd" version="3.0" name="ep.TestValidateName" time="0.081" tests="11" errors="0" skipped="0" failures="0">
  <properties>
[...]
</properties>
  <testcase name="testValidateName_Null_ThrowsException" classname="ep.TestValidateName" time="0.002"/>
  <testcase name="testValidateName_OverLength_ThrowsException" classname="ep.TestValidateName" time="0.002"/>
  <testcase name="testValidateName_ContainsDigits_ThrowsException(String)[1]" classname="ep.TestValidateName" time="0.004"/>
  <testcase name="testValidateName_ContainsDigits_ThrowsException(String)[2]" classname="ep.TestValidateName" time="0.006"/>
  <testcase name="testValidateName_ContainsDigits_ThrowsException(String)[3]" classname="ep.TestValidateName" time="0.005"/>
  <testcase name="testValidateName_ValidName_Passes" classname="ep.TestValidateName" time="0.003"/>
  <testcase name="testValidateName_Empty_ThrowsException" classname="ep.TestValidateName" time="0.002"/>
  <testcase name="testValidateName_ContainsSpecialChars_ThrowsException(String)[1]" classname="ep.TestValidateName" time="0.004"/>
  <testcase name="testValidateName_ContainsSpecialChars_ThrowsException(String)[2]" classname="ep.TestValidateName" time="0.001"/>
  <testcase name="testValidateName_ContainsSpecialChars_ThrowsException(String)[3]" classname="ep.TestValidateName" time="0.001"/>
  <testcase name="testValidateName_ContainsSpecialChars_ThrowsException(String)[4]" classname="ep.TestValidateName" time="0.001"/>
</testsuite>